Traceback (most recent call last):
  File "/home/ids/tmahandry-23/projet/art_classification/train_vgg16.py", line 4, in <module>
    import torchvision.models as models
ModuleNotFoundError: No module named 'torchvision'
srun: error: node20: task 0: Exited with exit code 1
Traceback (most recent call last):
  File "/home/ids/tmahandry-23/projet/art_classification/test_vgg16.py", line 3, in <module>
    import torchvision.models as models
ModuleNotFoundError: No module named 'torchvision'
srun: error: node20: task 0: Exited with exit code 1
